[ 2025-09-09 13:15:38,826 ] 28 root - INFO - Entered the data ingestion method or component
[ 2025-09-09 13:15:38,838 ] 34 root - INFO - Read the dataset as dataframe
[ 2025-09-09 13:15:38,847 ] 40 root - INFO - Train test split initiated
[ 2025-09-09 13:15:38,869 ] 47 root - INFO - Inmgestion of the data iss completed
[ 2025-09-09 13:15:38,869 ] 68 root - INFO - Data Transformation initiated
[ 2025-09-09 13:15:38,916 ] 71 root - INFO - Read train and test data completed
[ 2025-09-09 13:15:38,916 ] 73 root - INFO - Obtaining preprocessing object
[ 2025-09-09 13:15:38,916 ] 41 root - INFO - Numerical columns Scaling is  compleded! 
[ 2025-09-09 13:15:38,917 ] 48 root - INFO - Categorical columns encoding compleded! 
[ 2025-09-09 13:15:38,917 ] 59 root - INFO - Data preprocessing is completed! 
[ 2025-09-09 13:15:38,920 ] 89 root - INFO - Applying preprocessing object on training dataframe and testing dataframe
[ 2025-09-09 13:15:38,953 ] 105 root - INFO - Saving Preprocessing object.
[ 2025-09-09 13:15:38,958 ] 45 root - INFO - Splitting training and test input data
[ 2025-09-09 13:15:38,960 ] 35 root - INFO - Training Linear Regression model
[ 2025-09-09 13:15:38,974 ] 46 root - INFO - Model Linear Regression Training is done!
[ 2025-09-09 13:15:38,974 ] 35 root - INFO - Training Random Forest model
[ 2025-09-09 13:15:39,331 ] 46 root - INFO - Model Random Forest Training is done!
[ 2025-09-09 13:15:39,331 ] 35 root - INFO - Training Decision Tree model
[ 2025-09-09 13:15:39,336 ] 46 root - INFO - Model Decision Tree Training is done!
[ 2025-09-09 13:15:39,336 ] 35 root - INFO - Training Gradient Boosting model
[ 2025-09-09 13:15:39,458 ] 46 root - INFO - Model Gradient Boosting Training is done!
[ 2025-09-09 13:15:39,459 ] 35 root - INFO - Training XGBoost model
[ 2025-09-09 13:15:39,577 ] 46 root - INFO - Model XGBoost Training is done!
[ 2025-09-09 13:15:39,577 ] 35 root - INFO - Training CatBoost model
[ 2025-09-09 13:15:41,056 ] 46 root - INFO - Model CatBoost Training is done!
[ 2025-09-09 13:15:41,056 ] 35 root - INFO - Training AdaBoostRegressor model
[ 2025-09-09 13:15:41,160 ] 46 root - INFO - Model AdaBoostRegressor Training is done!
[ 2025-09-09 13:15:41,160 ] 76 root - INFO - Bset model found on both training and testing dataset
