[ 2025-09-09 13:14:53,519 ] 28 root - INFO - Entered the data ingestion method or component
[ 2025-09-09 13:14:53,524 ] 34 root - INFO - Read the dataset as dataframe
[ 2025-09-09 13:14:53,530 ] 40 root - INFO - Train test split initiated
[ 2025-09-09 13:14:53,536 ] 47 root - INFO - Inmgestion of the data iss completed
[ 2025-09-09 13:14:53,536 ] 68 root - INFO - Data Transformation initiated
[ 2025-09-09 13:14:53,586 ] 71 root - INFO - Read train and test data completed
[ 2025-09-09 13:14:53,586 ] 73 root - INFO - Obtaining preprocessing object
[ 2025-09-09 13:14:53,586 ] 41 root - INFO - Numerical columns Scaling is  compleded! 
[ 2025-09-09 13:14:53,588 ] 48 root - INFO - Categorical columns encoding compleded! 
[ 2025-09-09 13:14:53,588 ] 59 root - INFO - Data preprocessing is completed! 
[ 2025-09-09 13:14:53,590 ] 89 root - INFO - Applying preprocessing object on training dataframe and testing dataframe
[ 2025-09-09 13:14:53,615 ] 105 root - INFO - Saving Preprocessing object.
[ 2025-09-09 13:14:53,619 ] 45 root - INFO - Splitting training and test input data
[ 2025-09-09 13:14:53,619 ] 35 root - INFO - Training Linear Regression model
[ 2025-09-09 13:14:53,623 ] 46 root - INFO - Model Linear Regression Training is done!
[ 2025-09-09 13:14:53,623 ] 35 root - INFO - Training Random Forest model
[ 2025-09-09 13:14:54,083 ] 46 root - INFO - Model Random Forest Training is done!
[ 2025-09-09 13:14:54,083 ] 35 root - INFO - Training Decision Tree model
[ 2025-09-09 13:14:54,090 ] 46 root - INFO - Model Decision Tree Training is done!
[ 2025-09-09 13:14:54,090 ] 35 root - INFO - Training Gradient Boosting model
[ 2025-09-09 13:14:54,272 ] 46 root - INFO - Model Gradient Boosting Training is done!
[ 2025-09-09 13:14:54,272 ] 35 root - INFO - Training XGBoost model
[ 2025-09-09 13:14:54,361 ] 46 root - INFO - Model XGBoost Training is done!
[ 2025-09-09 13:14:54,361 ] 35 root - INFO - Training CatBoost model
[ 2025-09-09 13:14:56,705 ] 46 root - INFO - Model CatBoost Training is done!
[ 2025-09-09 13:14:56,706 ] 35 root - INFO - Training AdaBoostRegressor model
[ 2025-09-09 13:14:56,838 ] 46 root - INFO - Model AdaBoostRegressor Training is done!
[ 2025-09-09 13:14:56,839 ] 76 root - INFO - Bset model found on both training and testing dataset
